You're accessing the development server over HTTPS, but it only supports HTTP.
You're accessing the development server over HTTPS, but it only supports HTTP.
You're accessing the development server over HTTPS, but it only supports HTTP.
You're accessing the development server over HTTPS, but it only supports HTTP.
You're accessing the development server over HTTPS, but it only supports HTTP.
You're accessing the development server over HTTPS, but it only supports HTTP.
You're accessing the development server over HTTPS, but it only supports HTTP.
You're accessing the development server over HTTPS, but it only supports HTTP.
Internal Server Error: /api/v1/drinks/1/
Traceback (most recent call last):
  File "C:\Users\Administrator\BEVStack-API\.venv\Lib\site-packages\django\core\handlers\exception.py", line 55, in inner
    response = get_response(request)
  File "C:\Users\Administrator\BEVStack-API\.venv\Lib\site-packages\django\core\handlers\base.py", line 221, in _get_response
    response = response.render()
  File "C:\Users\Administrator\BEVStack-API\.venv\Lib\site-packages\django\template\response.py", line 114, in render
    self.content = self.rendered_content
                   ^^^^^^^^^^^^^^^^^^^^^
  File "C:\Users\Administrator\BEVStack-API\.venv\Lib\site-packages\rest_framework\response.py", line 74, in rendered_content
    ret = renderer.render(self.data, accepted_media_type, context)
  File "C:\Users\Administrator\BEVStack-API\.venv\Lib\site-packages\rest_framework\renderers.py", line 731, in render
    context = self.get_context(data, accepted_media_type, renderer_context)
  File "C:\Users\Administrator\BEVStack-API\.venv\Lib\site-packages\rest_framework\renderers.py", line 663, in get_context
    raw_data_put_form = self.get_raw_data_form(data, view, 'PUT', request)
  File "C:\Users\Administrator\BEVStack-API\.venv\Lib\site-packages\rest_framework\renderers.py", line 569, in get_raw_data_form
    data = serializer.data.copy()
           ^^^^^^^^^^^^^^^
  File "C:\Users\Administrator\BEVStack-API\.venv\Lib\site-packages\rest_framework\serializers.py", line 573, in data
    ret = super().data
          ^^^^^^^^^^^^
  File "C:\Users\Administrator\BEVStack-API\.venv\Lib\site-packages\rest_framework\serializers.py", line 255, in data
    self._data = self.get_initial()
                 ~~~~~~~~~~~~~~~~^^
  File "C:\Users\Administrator\BEVStack-API\.venv\Lib\site-packages\rest_framework\serializers.py", line 423, in get_initial
    for field in self.fields.values()
                 ^^^^^^^^^^^
  File "C:\Users\Administrator\BEVStack-API\.venv\Lib\site-packages\django\utils\functional.py", line 47, in __get__
    res = instance.__dict__[self.name] = self.func(instance)
                                         ~~~~~~~~~^^^^^^^^^^
  File "C:\Users\Administrator\BEVStack-API\.venv\Lib\site-packages\rest_framework\serializers.py", line 374, in fields
    for key, value in self.get_fields().items():
                      ~~~~~~~~~~~~~~~^^
  File "C:\Users\Administrator\BEVStack-API\.venv\Lib\site-packages\rest_framework\serializers.py", line 1105, in get_fields
    field_class, field_kwargs = self.build_field(
                                ~~~~~~~~~~~~~~~~^
        source, info, model, depth
        ^^^^^^^^^^^^^^^^^^^^^^^^^^
    )
    ^
  File "C:\Users\Administrator\BEVStack-API\.venv\Lib\site-packages\rest_framework\serializers.py", line 1251, in build_field
    return self.build_unknown_field(field_name, model_class)
           ~~~~~~~~~~~~~~~~~~~~~~~~^^^^^^^^^^^^^^^^^^^^^^^^^
  File "C:\Users\Administrator\BEVStack-API\.venv\Lib\site-packages\rest_framework\serializers.py", line 1369, in build_unknown_field
    raise ImproperlyConfigured(
    ...<2 lines>...
    )
django.core.exceptions.ImproperlyConfigured: Field name `updated_at` is not valid for model `Drink` in `core.serializers.DrinkSerializer`.
"GET /api/v1/drinks/1/ HTTP/1.1" 500 129547
Internal Server Error: /api/v1/drinks/
Traceback (most recent call last):
  File "C:\Users\Administrator\BEVStack-API\.venv\Lib\site-packages\django\core\handlers\exception.py", line 55, in inner
    response = get_response(request)
  File "C:\Users\Administrator\BEVStack-API\.venv\Lib\site-packages\django\core\handlers\base.py", line 221, in _get_response
    response = response.render()
  File "C:\Users\Administrator\BEVStack-API\.venv\Lib\site-packages\django\template\response.py", line 114, in render
    self.content = self.rendered_content
                   ^^^^^^^^^^^^^^^^^^^^^
  File "C:\Users\Administrator\BEVStack-API\.venv\Lib\site-packages\rest_framework\response.py", line 74, in rendered_content
    ret = renderer.render(self.data, accepted_media_type, context)
  File "C:\Users\Administrator\BEVStack-API\.venv\Lib\site-packages\rest_framework\renderers.py", line 731, in render
    context = self.get_context(data, accepted_media_type, renderer_context)
  File "C:\Users\Administrator\BEVStack-API\.venv\Lib\site-packages\rest_framework\renderers.py", line 662, in get_context
    raw_data_post_form = self.get_raw_data_form(data, view, 'POST', request)
  File "C:\Users\Administrator\BEVStack-API\.venv\Lib\site-packages\rest_framework\renderers.py", line 569, in get_raw_data_form
    data = serializer.data.copy()
           ^^^^^^^^^^^^^^^
  File "C:\Users\Administrator\BEVStack-API\.venv\Lib\site-packages\rest_framework\serializers.py", line 573, in data
    ret = super().data
          ^^^^^^^^^^^^
  File "C:\Users\Administrator\BEVStack-API\.venv\Lib\site-packages\rest_framework\serializers.py", line 255, in data
    self._data = self.get_initial()
                 ~~~~~~~~~~~~~~~~^^
  File "C:\Users\Administrator\BEVStack-API\.venv\Lib\site-packages\rest_framework\serializers.py", line 423, in get_initial
    for field in self.fields.values()
                 ^^^^^^^^^^^
  File "C:\Users\Administrator\BEVStack-API\.venv\Lib\site-packages\django\utils\functional.py", line 47, in __get__
    res = instance.__dict__[self.name] = self.func(instance)
                                         ~~~~~~~~~^^^^^^^^^^
  File "C:\Users\Administrator\BEVStack-API\.venv\Lib\site-packages\rest_framework\serializers.py", line 374, in fields
    for key, value in self.get_fields().items():
                      ~~~~~~~~~~~~~~~^^
  File "C:\Users\Administrator\BEVStack-API\.venv\Lib\site-packages\rest_framework\serializers.py", line 1105, in get_fields
    field_class, field_kwargs = self.build_field(
                                ~~~~~~~~~~~~~~~~^
        source, info, model, depth
        ^^^^^^^^^^^^^^^^^^^^^^^^^^
    )
    ^
  File "C:\Users\Administrator\BEVStack-API\.venv\Lib\site-packages\rest_framework\serializers.py", line 1251, in build_field
    return self.build_unknown_field(field_name, model_class)
           ~~~~~~~~~~~~~~~~~~~~~~~~^^^^^^^^^^^^^^^^^^^^^^^^^
  File "C:\Users\Administrator\BEVStack-API\.venv\Lib\site-packages\rest_framework\serializers.py", line 1369, in build_unknown_field
    raise ImproperlyConfigured(
    ...<2 lines>...
    )
django.core.exceptions.ImproperlyConfigured: Field name `updated_at` is not valid for model `Drink` in `core.serializers.DrinkSerializer`.
"GET /api/v1/drinks/ HTTP/1.1" 500 129304
Internal Server Error: /api/v1/drinks/1/
Traceback (most recent call last):
  File "C:\Users\Administrator\BEVStack-API\.venv\Lib\site-packages\django\core\handlers\exception.py", line 55, in inner
    response = get_response(request)
  File "C:\Users\Administrator\BEVStack-API\.venv\Lib\site-packages\django\core\handlers\base.py", line 221, in _get_response
    response = response.render()
  File "C:\Users\Administrator\BEVStack-API\.venv\Lib\site-packages\django\template\response.py", line 114, in render
    self.content = self.rendered_content
                   ^^^^^^^^^^^^^^^^^^^^^
  File "C:\Users\Administrator\BEVStack-API\.venv\Lib\site-packages\rest_framework\response.py", line 74, in rendered_content
    ret = renderer.render(self.data, accepted_media_type, context)
  File "C:\Users\Administrator\BEVStack-API\.venv\Lib\site-packages\rest_framework\renderers.py", line 731, in render
    context = self.get_context(data, accepted_media_type, renderer_context)
  File "C:\Users\Administrator\BEVStack-API\.venv\Lib\site-packages\rest_framework\renderers.py", line 663, in get_context
    raw_data_put_form = self.get_raw_data_form(data, view, 'PUT', request)
  File "C:\Users\Administrator\BEVStack-API\.venv\Lib\site-packages\rest_framework\renderers.py", line 569, in get_raw_data_form
    data = serializer.data.copy()
           ^^^^^^^^^^^^^^^
  File "C:\Users\Administrator\BEVStack-API\.venv\Lib\site-packages\rest_framework\serializers.py", line 573, in data
    ret = super().data
          ^^^^^^^^^^^^
  File "C:\Users\Administrator\BEVStack-API\.venv\Lib\site-packages\rest_framework\serializers.py", line 255, in data
    self._data = self.get_initial()
                 ~~~~~~~~~~~~~~~~^^
  File "C:\Users\Administrator\BEVStack-API\.venv\Lib\site-packages\rest_framework\serializers.py", line 423, in get_initial
    for field in self.fields.values()
                 ^^^^^^^^^^^
  File "C:\Users\Administrator\BEVStack-API\.venv\Lib\site-packages\django\utils\functional.py", line 47, in __get__
    res = instance.__dict__[self.name] = self.func(instance)
                                         ~~~~~~~~~^^^^^^^^^^
  File "C:\Users\Administrator\BEVStack-API\.venv\Lib\site-packages\rest_framework\serializers.py", line 374, in fields
    for key, value in self.get_fields().items():
                      ~~~~~~~~~~~~~~~^^
  File "C:\Users\Administrator\BEVStack-API\.venv\Lib\site-packages\rest_framework\serializers.py", line 1105, in get_fields
    field_class, field_kwargs = self.build_field(
                                ~~~~~~~~~~~~~~~~^
        source, info, model, depth
        ^^^^^^^^^^^^^^^^^^^^^^^^^^
    )
    ^
  File "C:\Users\Administrator\BEVStack-API\.venv\Lib\site-packages\rest_framework\serializers.py", line 1251, in build_field
    return self.build_unknown_field(field_name, model_class)
           ~~~~~~~~~~~~~~~~~~~~~~~~^^^^^^^^^^^^^^^^^^^^^^^^^
  File "C:\Users\Administrator\BEVStack-API\.venv\Lib\site-packages\rest_framework\serializers.py", line 1369, in build_unknown_field
    raise ImproperlyConfigured(
    ...<2 lines>...
    )
django.core.exceptions.ImproperlyConfigured: Field name `updated_at` is not valid for model `Drink` in `core.serializers.DrinkSerializer`.
"GET /api/v1/drinks/1/ HTTP/1.1" 500 129488
Internal Server Error: /api/v1/drinks/1/
Traceback (most recent call last):
  File "C:\Users\Administrator\BEVStack-API\.venv\Lib\site-packages\django\core\handlers\exception.py", line 55, in inner
    response = get_response(request)
  File "C:\Users\Administrator\BEVStack-API\.venv\Lib\site-packages\django\core\handlers\base.py", line 221, in _get_response
    response = response.render()
  File "C:\Users\Administrator\BEVStack-API\.venv\Lib\site-packages\django\template\response.py", line 114, in render
    self.content = self.rendered_content
                   ^^^^^^^^^^^^^^^^^^^^^
  File "C:\Users\Administrator\BEVStack-API\.venv\Lib\site-packages\rest_framework\response.py", line 74, in rendered_content
    ret = renderer.render(self.data, accepted_media_type, context)
  File "C:\Users\Administrator\BEVStack-API\.venv\Lib\site-packages\rest_framework\renderers.py", line 731, in render
    context = self.get_context(data, accepted_media_type, renderer_context)
  File "C:\Users\Administrator\BEVStack-API\.venv\Lib\site-packages\rest_framework\renderers.py", line 663, in get_context
    raw_data_put_form = self.get_raw_data_form(data, view, 'PUT', request)
  File "C:\Users\Administrator\BEVStack-API\.venv\Lib\site-packages\rest_framework\renderers.py", line 569, in get_raw_data_form
    data = serializer.data.copy()
           ^^^^^^^^^^^^^^^
  File "C:\Users\Administrator\BEVStack-API\.venv\Lib\site-packages\rest_framework\serializers.py", line 573, in data
    ret = super().data
          ^^^^^^^^^^^^
  File "C:\Users\Administrator\BEVStack-API\.venv\Lib\site-packages\rest_framework\serializers.py", line 255, in data
    self._data = self.get_initial()
                 ~~~~~~~~~~~~~~~~^^
  File "C:\Users\Administrator\BEVStack-API\.venv\Lib\site-packages\rest_framework\serializers.py", line 423, in get_initial
    for field in self.fields.values()
                 ^^^^^^^^^^^
  File "C:\Users\Administrator\BEVStack-API\.venv\Lib\site-packages\django\utils\functional.py", line 47, in __get__
    res = instance.__dict__[self.name] = self.func(instance)
                                         ~~~~~~~~~^^^^^^^^^^
  File "C:\Users\Administrator\BEVStack-API\.venv\Lib\site-packages\rest_framework\serializers.py", line 374, in fields
    for key, value in self.get_fields().items():
                      ~~~~~~~~~~~~~~~^^
  File "C:\Users\Administrator\BEVStack-API\.venv\Lib\site-packages\rest_framework\serializers.py", line 1105, in get_fields
    field_class, field_kwargs = self.build_field(
                                ~~~~~~~~~~~~~~~~^
        source, info, model, depth
        ^^^^^^^^^^^^^^^^^^^^^^^^^^
    )
    ^
  File "C:\Users\Administrator\BEVStack-API\.venv\Lib\site-packages\rest_framework\serializers.py", line 1251, in build_field
    return self.build_unknown_field(field_name, model_class)
           ~~~~~~~~~~~~~~~~~~~~~~~~^^^^^^^^^^^^^^^^^^^^^^^^^
  File "C:\Users\Administrator\BEVStack-API\.venv\Lib\site-packages\rest_framework\serializers.py", line 1369, in build_unknown_field
    raise ImproperlyConfigured(
    ...<2 lines>...
    )
django.core.exceptions.ImproperlyConfigured: Field name `updated_at` is not valid for model `Drink` in `core.serializers.DrinkSerializer`.
"GET /api/v1/drinks/1/ HTTP/1.1" 500 129625
Internal Server Error: /api/v1/drinks/1/
Traceback (most recent call last):
  File "C:\Users\Administrator\BEVStack-API\.venv\Lib\site-packages\django\core\handlers\exception.py", line 55, in inner
    response = get_response(request)
  File "C:\Users\Administrator\BEVStack-API\.venv\Lib\site-packages\django\core\handlers\base.py", line 221, in _get_response
    response = response.render()
  File "C:\Users\Administrator\BEVStack-API\.venv\Lib\site-packages\django\template\response.py", line 114, in render
    self.content = self.rendered_content
                   ^^^^^^^^^^^^^^^^^^^^^
  File "C:\Users\Administrator\BEVStack-API\.venv\Lib\site-packages\rest_framework\response.py", line 74, in rendered_content
    ret = renderer.render(self.data, accepted_media_type, context)
  File "C:\Users\Administrator\BEVStack-API\.venv\Lib\site-packages\rest_framework\renderers.py", line 731, in render
    context = self.get_context(data, accepted_media_type, renderer_context)
  File "C:\Users\Administrator\BEVStack-API\.venv\Lib\site-packages\rest_framework\renderers.py", line 663, in get_context
    raw_data_put_form = self.get_raw_data_form(data, view, 'PUT', request)
  File "C:\Users\Administrator\BEVStack-API\.venv\Lib\site-packages\rest_framework\renderers.py", line 569, in get_raw_data_form
    data = serializer.data.copy()
           ^^^^^^^^^^^^^^^
  File "C:\Users\Administrator\BEVStack-API\.venv\Lib\site-packages\rest_framework\serializers.py", line 573, in data
    ret = super().data
          ^^^^^^^^^^^^
  File "C:\Users\Administrator\BEVStack-API\.venv\Lib\site-packages\rest_framework\serializers.py", line 255, in data
    self._data = self.get_initial()
                 ~~~~~~~~~~~~~~~~^^
  File "C:\Users\Administrator\BEVStack-API\.venv\Lib\site-packages\rest_framework\serializers.py", line 423, in get_initial
    for field in self.fields.values()
                 ^^^^^^^^^^^
  File "C:\Users\Administrator\BEVStack-API\.venv\Lib\site-packages\django\utils\functional.py", line 47, in __get__
    res = instance.__dict__[self.name] = self.func(instance)
                                         ~~~~~~~~~^^^^^^^^^^
  File "C:\Users\Administrator\BEVStack-API\.venv\Lib\site-packages\rest_framework\serializers.py", line 374, in fields
    for key, value in self.get_fields().items():
                      ~~~~~~~~~~~~~~~^^
  File "C:\Users\Administrator\BEVStack-API\.venv\Lib\site-packages\rest_framework\serializers.py", line 1105, in get_fields
    field_class, field_kwargs = self.build_field(
                                ~~~~~~~~~~~~~~~~^
        source, info, model, depth
        ^^^^^^^^^^^^^^^^^^^^^^^^^^
    )
    ^
  File "C:\Users\Administrator\BEVStack-API\.venv\Lib\site-packages\rest_framework\serializers.py", line 1251, in build_field
    return self.build_unknown_field(field_name, model_class)
           ~~~~~~~~~~~~~~~~~~~~~~~~^^^^^^^^^^^^^^^^^^^^^^^^^
  File "C:\Users\Administrator\BEVStack-API\.venv\Lib\site-packages\rest_framework\serializers.py", line 1369, in build_unknown_field
    raise ImproperlyConfigured(
    ...<2 lines>...
    )
django.core.exceptions.ImproperlyConfigured: Field name `updated_at` is not valid for model `Drink` in `core.serializers.DrinkSerializer`.
"GET /api/v1/drinks/1/ HTTP/1.1" 500 129625
Internal Server Error: /api/v1/drinks/1/
Traceback (most recent call last):
  File "C:\Users\Administrator\BEVStack-API\.venv\Lib\site-packages\django\core\handlers\exception.py", line 55, in inner
    response = get_response(request)
  File "C:\Users\Administrator\BEVStack-API\.venv\Lib\site-packages\django\core\handlers\base.py", line 221, in _get_response
    response = response.render()
  File "C:\Users\Administrator\BEVStack-API\.venv\Lib\site-packages\django\template\response.py", line 114, in render
    self.content = self.rendered_content
                   ^^^^^^^^^^^^^^^^^^^^^
  File "C:\Users\Administrator\BEVStack-API\.venv\Lib\site-packages\rest_framework\response.py", line 74, in rendered_content
    ret = renderer.render(self.data, accepted_media_type, context)
  File "C:\Users\Administrator\BEVStack-API\.venv\Lib\site-packages\rest_framework\renderers.py", line 731, in render
    context = self.get_context(data, accepted_media_type, renderer_context)
  File "C:\Users\Administrator\BEVStack-API\.venv\Lib\site-packages\rest_framework\renderers.py", line 663, in get_context
    raw_data_put_form = self.get_raw_data_form(data, view, 'PUT', request)
  File "C:\Users\Administrator\BEVStack-API\.venv\Lib\site-packages\rest_framework\renderers.py", line 569, in get_raw_data_form
    data = serializer.data.copy()
           ^^^^^^^^^^^^^^^
  File "C:\Users\Administrator\BEVStack-API\.venv\Lib\site-packages\rest_framework\serializers.py", line 573, in data
    ret = super().data
          ^^^^^^^^^^^^
  File "C:\Users\Administrator\BEVStack-API\.venv\Lib\site-packages\rest_framework\serializers.py", line 255, in data
    self._data = self.get_initial()
                 ~~~~~~~~~~~~~~~~^^
  File "C:\Users\Administrator\BEVStack-API\.venv\Lib\site-packages\rest_framework\serializers.py", line 423, in get_initial
    for field in self.fields.values()
                 ^^^^^^^^^^^
  File "C:\Users\Administrator\BEVStack-API\.venv\Lib\site-packages\django\utils\functional.py", line 47, in __get__
    res = instance.__dict__[self.name] = self.func(instance)
                                         ~~~~~~~~~^^^^^^^^^^
  File "C:\Users\Administrator\BEVStack-API\.venv\Lib\site-packages\rest_framework\serializers.py", line 374, in fields
    for key, value in self.get_fields().items():
                      ~~~~~~~~~~~~~~~^^
  File "C:\Users\Administrator\BEVStack-API\.venv\Lib\site-packages\rest_framework\serializers.py", line 1105, in get_fields
    field_class, field_kwargs = self.build_field(
                                ~~~~~~~~~~~~~~~~^
        source, info, model, depth
        ^^^^^^^^^^^^^^^^^^^^^^^^^^
    )
    ^
  File "C:\Users\Administrator\BEVStack-API\.venv\Lib\site-packages\rest_framework\serializers.py", line 1251, in build_field
    return self.build_unknown_field(field_name, model_class)
           ~~~~~~~~~~~~~~~~~~~~~~~~^^^^^^^^^^^^^^^^^^^^^^^^^
  File "C:\Users\Administrator\BEVStack-API\.venv\Lib\site-packages\rest_framework\serializers.py", line 1369, in build_unknown_field
    raise ImproperlyConfigured(
    ...<2 lines>...
    )
django.core.exceptions.ImproperlyConfigured: Field name `updated_at` is not valid for model `Drink` in `core.serializers.DrinkSerializer`.
"GET /api/v1/drinks/1/ HTTP/1.1" 500 129625
Internal Server Error: /api/v1/drinks/1/
Traceback (most recent call last):
  File "C:\Users\Administrator\BEVStack-API\.venv\Lib\site-packages\django\core\handlers\exception.py", line 55, in inner
    response = get_response(request)
  File "C:\Users\Administrator\BEVStack-API\.venv\Lib\site-packages\django\core\handlers\base.py", line 221, in _get_response
    response = response.render()
  File "C:\Users\Administrator\BEVStack-API\.venv\Lib\site-packages\django\template\response.py", line 114, in render
    self.content = self.rendered_content
                   ^^^^^^^^^^^^^^^^^^^^^
  File "C:\Users\Administrator\BEVStack-API\.venv\Lib\site-packages\rest_framework\response.py", line 74, in rendered_content
    ret = renderer.render(self.data, accepted_media_type, context)
  File "C:\Users\Administrator\BEVStack-API\.venv\Lib\site-packages\rest_framework\renderers.py", line 731, in render
    context = self.get_context(data, accepted_media_type, renderer_context)
  File "C:\Users\Administrator\BEVStack-API\.venv\Lib\site-packages\rest_framework\renderers.py", line 663, in get_context
    raw_data_put_form = self.get_raw_data_form(data, view, 'PUT', request)
  File "C:\Users\Administrator\BEVStack-API\.venv\Lib\site-packages\rest_framework\renderers.py", line 569, in get_raw_data_form
    data = serializer.data.copy()
           ^^^^^^^^^^^^^^^
  File "C:\Users\Administrator\BEVStack-API\.venv\Lib\site-packages\rest_framework\serializers.py", line 573, in data
    ret = super().data
          ^^^^^^^^^^^^
  File "C:\Users\Administrator\BEVStack-API\.venv\Lib\site-packages\rest_framework\serializers.py", line 255, in data
    self._data = self.get_initial()
                 ~~~~~~~~~~~~~~~~^^
  File "C:\Users\Administrator\BEVStack-API\.venv\Lib\site-packages\rest_framework\serializers.py", line 423, in get_initial
    for field in self.fields.values()
                 ^^^^^^^^^^^
  File "C:\Users\Administrator\BEVStack-API\.venv\Lib\site-packages\django\utils\functional.py", line 47, in __get__
    res = instance.__dict__[self.name] = self.func(instance)
                                         ~~~~~~~~~^^^^^^^^^^
  File "C:\Users\Administrator\BEVStack-API\.venv\Lib\site-packages\rest_framework\serializers.py", line 374, in fields
    for key, value in self.get_fields().items():
                      ~~~~~~~~~~~~~~~^^
  File "C:\Users\Administrator\BEVStack-API\.venv\Lib\site-packages\rest_framework\serializers.py", line 1105, in get_fields
    field_class, field_kwargs = self.build_field(
                                ~~~~~~~~~~~~~~~~^
        source, info, model, depth
        ^^^^^^^^^^^^^^^^^^^^^^^^^^
    )
    ^
  File "C:\Users\Administrator\BEVStack-API\.venv\Lib\site-packages\rest_framework\serializers.py", line 1251, in build_field
    return self.build_unknown_field(field_name, model_class)
           ~~~~~~~~~~~~~~~~~~~~~~~~^^^^^^^^^^^^^^^^^^^^^^^^^
  File "C:\Users\Administrator\BEVStack-API\.venv\Lib\site-packages\rest_framework\serializers.py", line 1369, in build_unknown_field
    raise ImproperlyConfigured(
    ...<2 lines>...
    )
django.core.exceptions.ImproperlyConfigured: Field name `updated_at` is not valid for model `Drink` in `core.serializers.DrinkSerializer`.
"GET /api/v1/drinks/1/ HTTP/1.1" 500 129542
Internal Server Error: /api/v1/drinks/1/
Traceback (most recent call last):
  File "C:\Users\Administrator\BEVStack-API\.venv\Lib\site-packages\django\core\handlers\exception.py", line 55, in inner
    response = get_response(request)
  File "C:\Users\Administrator\BEVStack-API\.venv\Lib\site-packages\django\core\handlers\base.py", line 221, in _get_response
    response = response.render()
  File "C:\Users\Administrator\BEVStack-API\.venv\Lib\site-packages\django\template\response.py", line 114, in render
    self.content = self.rendered_content
                   ^^^^^^^^^^^^^^^^^^^^^
  File "C:\Users\Administrator\BEVStack-API\.venv\Lib\site-packages\rest_framework\response.py", line 74, in rendered_content
    ret = renderer.render(self.data, accepted_media_type, context)
  File "C:\Users\Administrator\BEVStack-API\.venv\Lib\site-packages\rest_framework\renderers.py", line 731, in render
    context = self.get_context(data, accepted_media_type, renderer_context)
  File "C:\Users\Administrator\BEVStack-API\.venv\Lib\site-packages\rest_framework\renderers.py", line 663, in get_context
    raw_data_put_form = self.get_raw_data_form(data, view, 'PUT', request)
  File "C:\Users\Administrator\BEVStack-API\.venv\Lib\site-packages\rest_framework\renderers.py", line 569, in get_raw_data_form
    data = serializer.data.copy()
           ^^^^^^^^^^^^^^^
  File "C:\Users\Administrator\BEVStack-API\.venv\Lib\site-packages\rest_framework\serializers.py", line 573, in data
    ret = super().data
          ^^^^^^^^^^^^
  File "C:\Users\Administrator\BEVStack-API\.venv\Lib\site-packages\rest_framework\serializers.py", line 255, in data
    self._data = self.get_initial()
                 ~~~~~~~~~~~~~~~~^^
  File "C:\Users\Administrator\BEVStack-API\.venv\Lib\site-packages\rest_framework\serializers.py", line 423, in get_initial
    for field in self.fields.values()
                 ^^^^^^^^^^^
  File "C:\Users\Administrator\BEVStack-API\.venv\Lib\site-packages\django\utils\functional.py", line 47, in __get__
    res = instance.__dict__[self.name] = self.func(instance)
                                         ~~~~~~~~~^^^^^^^^^^
  File "C:\Users\Administrator\BEVStack-API\.venv\Lib\site-packages\rest_framework\serializers.py", line 374, in fields
    for key, value in self.get_fields().items():
                      ~~~~~~~~~~~~~~~^^
  File "C:\Users\Administrator\BEVStack-API\.venv\Lib\site-packages\rest_framework\serializers.py", line 1105, in get_fields
    field_class, field_kwargs = self.build_field(
                                ~~~~~~~~~~~~~~~~^
        source, info, model, depth
        ^^^^^^^^^^^^^^^^^^^^^^^^^^
    )
    ^
  File "C:\Users\Administrator\BEVStack-API\.venv\Lib\site-packages\rest_framework\serializers.py", line 1251, in build_field
    return self.build_unknown_field(field_name, model_class)
           ~~~~~~~~~~~~~~~~~~~~~~~~^^^^^^^^^^^^^^^^^^^^^^^^^
  File "C:\Users\Administrator\BEVStack-API\.venv\Lib\site-packages\rest_framework\serializers.py", line 1369, in build_unknown_field
    raise ImproperlyConfigured(
    ...<2 lines>...
    )
django.core.exceptions.ImproperlyConfigured: Field name `updated_at` is not valid for model `Drink` in `core.serializers.DrinkSerializer`.
"GET /api/v1/drinks/1/ HTTP/1.1" 500 129542
Internal Server Error: /api/v1/drinks/1/
Traceback (most recent call last):
  File "C:\Users\Administrator\BEVStack-API\.venv\Lib\site-packages\django\core\handlers\exception.py", line 55, in inner
    response = get_response(request)
  File "C:\Users\Administrator\BEVStack-API\.venv\Lib\site-packages\django\core\handlers\base.py", line 221, in _get_response
    response = response.render()
  File "C:\Users\Administrator\BEVStack-API\.venv\Lib\site-packages\django\template\response.py", line 114, in render
    self.content = self.rendered_content
                   ^^^^^^^^^^^^^^^^^^^^^
  File "C:\Users\Administrator\BEVStack-API\.venv\Lib\site-packages\rest_framework\response.py", line 74, in rendered_content
    ret = renderer.render(self.data, accepted_media_type, context)
  File "C:\Users\Administrator\BEVStack-API\.venv\Lib\site-packages\rest_framework\renderers.py", line 731, in render
    context = self.get_context(data, accepted_media_type, renderer_context)
  File "C:\Users\Administrator\BEVStack-API\.venv\Lib\site-packages\rest_framework\renderers.py", line 663, in get_context
    raw_data_put_form = self.get_raw_data_form(data, view, 'PUT', request)
  File "C:\Users\Administrator\BEVStack-API\.venv\Lib\site-packages\rest_framework\renderers.py", line 569, in get_raw_data_form
    data = serializer.data.copy()
           ^^^^^^^^^^^^^^^
  File "C:\Users\Administrator\BEVStack-API\.venv\Lib\site-packages\rest_framework\serializers.py", line 573, in data
    ret = super().data
          ^^^^^^^^^^^^
  File "C:\Users\Administrator\BEVStack-API\.venv\Lib\site-packages\rest_framework\serializers.py", line 255, in data
    self._data = self.get_initial()
                 ~~~~~~~~~~~~~~~~^^
  File "C:\Users\Administrator\BEVStack-API\.venv\Lib\site-packages\rest_framework\serializers.py", line 423, in get_initial
    for field in self.fields.values()
                 ^^^^^^^^^^^
  File "C:\Users\Administrator\BEVStack-API\.venv\Lib\site-packages\django\utils\functional.py", line 47, in __get__
    res = instance.__dict__[self.name] = self.func(instance)
                                         ~~~~~~~~~^^^^^^^^^^
  File "C:\Users\Administrator\BEVStack-API\.venv\Lib\site-packages\rest_framework\serializers.py", line 374, in fields
    for key, value in self.get_fields().items():
                      ~~~~~~~~~~~~~~~^^
  File "C:\Users\Administrator\BEVStack-API\.venv\Lib\site-packages\rest_framework\serializers.py", line 1105, in get_fields
    field_class, field_kwargs = self.build_field(
                                ~~~~~~~~~~~~~~~~^
        source, info, model, depth
        ^^^^^^^^^^^^^^^^^^^^^^^^^^
    )
    ^
  File "C:\Users\Administrator\BEVStack-API\.venv\Lib\site-packages\rest_framework\serializers.py", line 1251, in build_field
    return self.build_unknown_field(field_name, model_class)
           ~~~~~~~~~~~~~~~~~~~~~~~~^^^^^^^^^^^^^^^^^^^^^^^^^
  File "C:\Users\Administrator\BEVStack-API\.venv\Lib\site-packages\rest_framework\serializers.py", line 1369, in build_unknown_field
    raise ImproperlyConfigured(
    ...<2 lines>...
    )
django.core.exceptions.ImproperlyConfigured: Field name `updated_at` is not valid for model `Drink` in `core.serializers.DrinkSerializer`.
"GET /api/v1/drinks/1/ HTTP/1.1" 500 129542
Internal Server Error: /api/v1/drinks/1/
Traceback (most recent call last):
  File "C:\Users\Administrator\BEVStack-API\.venv\Lib\site-packages\django\core\handlers\exception.py", line 55, in inner
    response = get_response(request)
  File "C:\Users\Administrator\BEVStack-API\.venv\Lib\site-packages\django\core\handlers\base.py", line 221, in _get_response
    response = response.render()
  File "C:\Users\Administrator\BEVStack-API\.venv\Lib\site-packages\django\template\response.py", line 114, in render
    self.content = self.rendered_content
                   ^^^^^^^^^^^^^^^^^^^^^
  File "C:\Users\Administrator\BEVStack-API\.venv\Lib\site-packages\rest_framework\response.py", line 74, in rendered_content
    ret = renderer.render(self.data, accepted_media_type, context)
  File "C:\Users\Administrator\BEVStack-API\.venv\Lib\site-packages\rest_framework\renderers.py", line 731, in render
    context = self.get_context(data, accepted_media_type, renderer_context)
  File "C:\Users\Administrator\BEVStack-API\.venv\Lib\site-packages\rest_framework\renderers.py", line 663, in get_context
    raw_data_put_form = self.get_raw_data_form(data, view, 'PUT', request)
  File "C:\Users\Administrator\BEVStack-API\.venv\Lib\site-packages\rest_framework\renderers.py", line 569, in get_raw_data_form
    data = serializer.data.copy()
           ^^^^^^^^^^^^^^^
  File "C:\Users\Administrator\BEVStack-API\.venv\Lib\site-packages\rest_framework\serializers.py", line 573, in data
    ret = super().data
          ^^^^^^^^^^^^
  File "C:\Users\Administrator\BEVStack-API\.venv\Lib\site-packages\rest_framework\serializers.py", line 255, in data
    self._data = self.get_initial()
                 ~~~~~~~~~~~~~~~~^^
  File "C:\Users\Administrator\BEVStack-API\.venv\Lib\site-packages\rest_framework\serializers.py", line 423, in get_initial
    for field in self.fields.values()
                 ^^^^^^^^^^^
  File "C:\Users\Administrator\BEVStack-API\.venv\Lib\site-packages\django\utils\functional.py", line 47, in __get__
    res = instance.__dict__[self.name] = self.func(instance)
                                         ~~~~~~~~~^^^^^^^^^^
  File "C:\Users\Administrator\BEVStack-API\.venv\Lib\site-packages\rest_framework\serializers.py", line 374, in fields
    for key, value in self.get_fields().items():
                      ~~~~~~~~~~~~~~~^^
  File "C:\Users\Administrator\BEVStack-API\.venv\Lib\site-packages\rest_framework\serializers.py", line 1105, in get_fields
    field_class, field_kwargs = self.build_field(
                                ~~~~~~~~~~~~~~~~^
        source, info, model, depth
        ^^^^^^^^^^^^^^^^^^^^^^^^^^
    )
    ^
  File "C:\Users\Administrator\BEVStack-API\.venv\Lib\site-packages\rest_framework\serializers.py", line 1251, in build_field
    return self.build_unknown_field(field_name, model_class)
           ~~~~~~~~~~~~~~~~~~~~~~~~^^^^^^^^^^^^^^^^^^^^^^^^^
  File "C:\Users\Administrator\BEVStack-API\.venv\Lib\site-packages\rest_framework\serializers.py", line 1369, in build_unknown_field
    raise ImproperlyConfigured(
    ...<2 lines>...
    )
django.core.exceptions.ImproperlyConfigured: Field name `updated_at` is not valid for model `Drink` in `core.serializers.DrinkSerializer`.
"GET /api/v1/drinks/1/ HTTP/1.1" 500 129542
Internal Server Error: /api/v1/drinks/1/
Traceback (most recent call last):
  File "C:\Users\Administrator\BEVStack-API\.venv\Lib\site-packages\django\core\handlers\exception.py", line 55, in inner
    response = get_response(request)
  File "C:\Users\Administrator\BEVStack-API\.venv\Lib\site-packages\django\core\handlers\base.py", line 221, in _get_response
    response = response.render()
  File "C:\Users\Administrator\BEVStack-API\.venv\Lib\site-packages\django\template\response.py", line 114, in render
    self.content = self.rendered_content
                   ^^^^^^^^^^^^^^^^^^^^^
  File "C:\Users\Administrator\BEVStack-API\.venv\Lib\site-packages\rest_framework\response.py", line 74, in rendered_content
    ret = renderer.render(self.data, accepted_media_type, context)
  File "C:\Users\Administrator\BEVStack-API\.venv\Lib\site-packages\rest_framework\renderers.py", line 731, in render
    context = self.get_context(data, accepted_media_type, renderer_context)
  File "C:\Users\Administrator\BEVStack-API\.venv\Lib\site-packages\rest_framework\renderers.py", line 663, in get_context
    raw_data_put_form = self.get_raw_data_form(data, view, 'PUT', request)
  File "C:\Users\Administrator\BEVStack-API\.venv\Lib\site-packages\rest_framework\renderers.py", line 569, in get_raw_data_form
    data = serializer.data.copy()
           ^^^^^^^^^^^^^^^
  File "C:\Users\Administrator\BEVStack-API\.venv\Lib\site-packages\rest_framework\serializers.py", line 573, in data
    ret = super().data
          ^^^^^^^^^^^^
  File "C:\Users\Administrator\BEVStack-API\.venv\Lib\site-packages\rest_framework\serializers.py", line 255, in data
    self._data = self.get_initial()
                 ~~~~~~~~~~~~~~~~^^
  File "C:\Users\Administrator\BEVStack-API\.venv\Lib\site-packages\rest_framework\serializers.py", line 423, in get_initial
    for field in self.fields.values()
                 ^^^^^^^^^^^
  File "C:\Users\Administrator\BEVStack-API\.venv\Lib\site-packages\django\utils\functional.py", line 47, in __get__
    res = instance.__dict__[self.name] = self.func(instance)
                                         ~~~~~~~~~^^^^^^^^^^
  File "C:\Users\Administrator\BEVStack-API\.venv\Lib\site-packages\rest_framework\serializers.py", line 374, in fields
    for key, value in self.get_fields().items():
                      ~~~~~~~~~~~~~~~^^
  File "C:\Users\Administrator\BEVStack-API\.venv\Lib\site-packages\rest_framework\serializers.py", line 1105, in get_fields
    field_class, field_kwargs = self.build_field(
                                ~~~~~~~~~~~~~~~~^
        source, info, model, depth
        ^^^^^^^^^^^^^^^^^^^^^^^^^^
    )
    ^
  File "C:\Users\Administrator\BEVStack-API\.venv\Lib\site-packages\rest_framework\serializers.py", line 1251, in build_field
    return self.build_unknown_field(field_name, model_class)
           ~~~~~~~~~~~~~~~~~~~~~~~~^^^^^^^^^^^^^^^^^^^^^^^^^
  File "C:\Users\Administrator\BEVStack-API\.venv\Lib\site-packages\rest_framework\serializers.py", line 1369, in build_unknown_field
    raise ImproperlyConfigured(
    ...<2 lines>...
    )
django.core.exceptions.ImproperlyConfigured: Field name `updated_at` is not valid for model `Drink` in `core.serializers.DrinkSerializer`.
"GET /api/v1/drinks/1/ HTTP/1.1" 500 129542
Internal Server Error: /api/v1/drinks/1/
Traceback (most recent call last):
  File "C:\Users\Administrator\BEVStack-API\.venv\Lib\site-packages\django\core\handlers\exception.py", line 55, in inner
    response = get_response(request)
  File "C:\Users\Administrator\BEVStack-API\.venv\Lib\site-packages\django\core\handlers\base.py", line 221, in _get_response
    response = response.render()
  File "C:\Users\Administrator\BEVStack-API\.venv\Lib\site-packages\django\template\response.py", line 114, in render
    self.content = self.rendered_content
                   ^^^^^^^^^^^^^^^^^^^^^
  File "C:\Users\Administrator\BEVStack-API\.venv\Lib\site-packages\rest_framework\response.py", line 74, in rendered_content
    ret = renderer.render(self.data, accepted_media_type, context)
  File "C:\Users\Administrator\BEVStack-API\.venv\Lib\site-packages\rest_framework\renderers.py", line 731, in render
    context = self.get_context(data, accepted_media_type, renderer_context)
  File "C:\Users\Administrator\BEVStack-API\.venv\Lib\site-packages\rest_framework\renderers.py", line 663, in get_context
    raw_data_put_form = self.get_raw_data_form(data, view, 'PUT', request)
  File "C:\Users\Administrator\BEVStack-API\.venv\Lib\site-packages\rest_framework\renderers.py", line 569, in get_raw_data_form
    data = serializer.data.copy()
           ^^^^^^^^^^^^^^^
  File "C:\Users\Administrator\BEVStack-API\.venv\Lib\site-packages\rest_framework\serializers.py", line 573, in data
    ret = super().data
          ^^^^^^^^^^^^
  File "C:\Users\Administrator\BEVStack-API\.venv\Lib\site-packages\rest_framework\serializers.py", line 255, in data
    self._data = self.get_initial()
                 ~~~~~~~~~~~~~~~~^^
  File "C:\Users\Administrator\BEVStack-API\.venv\Lib\site-packages\rest_framework\serializers.py", line 423, in get_initial
    for field in self.fields.values()
                 ^^^^^^^^^^^
  File "C:\Users\Administrator\BEVStack-API\.venv\Lib\site-packages\django\utils\functional.py", line 47, in __get__
    res = instance.__dict__[self.name] = self.func(instance)
                                         ~~~~~~~~~^^^^^^^^^^
  File "C:\Users\Administrator\BEVStack-API\.venv\Lib\site-packages\rest_framework\serializers.py", line 374, in fields
    for key, value in self.get_fields().items():
                      ~~~~~~~~~~~~~~~^^
  File "C:\Users\Administrator\BEVStack-API\.venv\Lib\site-packages\rest_framework\serializers.py", line 1105, in get_fields
    field_class, field_kwargs = self.build_field(
                                ~~~~~~~~~~~~~~~~^
        source, info, model, depth
        ^^^^^^^^^^^^^^^^^^^^^^^^^^
    )
    ^
  File "C:\Users\Administrator\BEVStack-API\.venv\Lib\site-packages\rest_framework\serializers.py", line 1251, in build_field
    return self.build_unknown_field(field_name, model_class)
           ~~~~~~~~~~~~~~~~~~~~~~~~^^^^^^^^^^^^^^^^^^^^^^^^^
  File "C:\Users\Administrator\BEVStack-API\.venv\Lib\site-packages\rest_framework\serializers.py", line 1369, in build_unknown_field
    raise ImproperlyConfigured(
    ...<2 lines>...
    )
django.core.exceptions.ImproperlyConfigured: Field name `updated_at` is not valid for model `Drink` in `core.serializers.DrinkSerializer`.
"GET /api/v1/drinks/1/ HTTP/1.1" 500 129650
Internal Server Error: /api/drinks/2
Traceback (most recent call last):
  File "C:\Users\Administrator\BEVStack-API\.venv\Lib\site-packages\django\core\handlers\exception.py", line 55, in inner
    response = get_response(request)
  File "C:\Users\Administrator\BEVStack-API\.venv\Lib\site-packages\django\utils\deprecation.py", line 311, in __call__
    response = self.process_response(request, response)
  File "C:\Users\Administrator\BEVStack-API\.venv\Lib\site-packages\django\middleware\common.py", line 109, in process_response
    self.get_full_path_with_slash(request)
    ~~~~~~~~~~~~~~~~~~~~~~~~~~~~~^^^^^^^^^
  File "C:\Users\Administrator\BEVStack-API\.venv\Lib\site-packages\django\middleware\common.py", line 87, in get_full_path_with_slash
    raise RuntimeError(
    ...<9 lines>...
    )
RuntimeError: You called this URL via PUT, but the URL doesn't end in a slash and you have APPEND_SLASH set. Django can't redirect to the slash URL while maintaining PUT data. Change your form to point to 127.0.0.1:8000/api/drinks/2/ (note the trailing slash), or set APPEND_SLASH=False in your Django settings.
"PUT /api/drinks/2 HTTP/1.1" 500 69206
Internal Server Error: /api/drinks/2
Traceback (most recent call last):
  File "C:\Users\Administrator\BEVStack-API\.venv\Lib\site-packages\django\core\handlers\exception.py", line 55, in inner
    response = get_response(request)
  File "C:\Users\Administrator\BEVStack-API\.venv\Lib\site-packages\django\utils\deprecation.py", line 311, in __call__
    response = self.process_response(request, response)
  File "C:\Users\Administrator\BEVStack-API\.venv\Lib\site-packages\django\middleware\common.py", line 109, in process_response
    self.get_full_path_with_slash(request)
    ~~~~~~~~~~~~~~~~~~~~~~~~~~~~~^^^^^^^^^
  File "C:\Users\Administrator\BEVStack-API\.venv\Lib\site-packages\django\middleware\common.py", line 87, in get_full_path_with_slash
    raise RuntimeError(
    ...<9 lines>...
    )
RuntimeError: You called this URL via PUT, but the URL doesn't end in a slash and you have APPEND_SLASH set. Django can't redirect to the slash URL while maintaining PUT data. Change your form to point to 127.0.0.1:8000/api/drinks/2/ (note the trailing slash), or set APPEND_SLASH=False in your Django settings.
"PUT /api/drinks/2 HTTP/1.1" 500 69206
